2024-09-02 23:43:49,286 - INFO - Image saved to c:\RAUL ANTONIO HERNANDEZ MOJICA_Thoughtful Challenge\output\images\Kevin Hart accused of fabricating evidence in $12-million lawsuit by former friend.jpg
2024-09-02 23:43:50,490 - INFO - Image saved to c:\RAUL ANTONIO HERNANDEZ MOJICA_Thoughtful Challenge\output\images\Wall Street has its worst day since 2022; Dow sinks 1,000.jpg
2024-09-02 23:43:51,589 - INFO - Image saved to c:\RAUL ANTONIO HERNANDEZ MOJICA_Thoughtful Challenge\output\images\Column_ Most Americans have a negative view of crypto. So why are political campaigns rushing to embrace it_.JPEG
2024-09-02 23:43:52,755 - INFO - Image saved to c:\RAUL ANTONIO HERNANDEZ MOJICA_Thoughtful Challenge\output\images\Why some Silicon Valley investors are backing the Trump-Vance campaign.jpg
2024-09-02 23:43:53,936 - INFO - Image saved to c:\RAUL ANTONIO HERNANDEZ MOJICA_Thoughtful Challenge\output\images\Column_ Why hugely profitable corporations won’t spend enough to keep hackers from stealing your private info.com%2F59%2Fd0%2F9419e8e59d60d36c1ac1a0af45b9%2Fd139915cf04745c98741a8b3d4e3963f
2024-09-02 23:43:55,040 - INFO - Image saved to c:\RAUL ANTONIO HERNANDEZ MOJICA_Thoughtful Challenge\output\images\Wall Street rises to the edge of records as its momentum keeps rolling.com%2Ffe%2Fef%2Fe15f9088f0b3b1727f81016f21f8%2F102f1bc4e16b4a9e80329e69485a11a2
2024-09-02 23:43:56,185 - INFO - Image saved to c:\RAUL ANTONIO HERNANDEZ MOJICA_Thoughtful Challenge\output\images\Trump media shares soar on reelection bid boost.com%2Faf%2Ff0%2F09eede19e1f9a1b644bbfe86b351%2F519dfa6e52c84fb7a79635105dfbdd63
2024-09-02 23:43:57,324 - INFO - Image saved to c:\RAUL ANTONIO HERNANDEZ MOJICA_Thoughtful Challenge\output\images\Wall Street’s scorching rally sets more records as hopes rise for rate cuts.com%2F6c%2Fdc%2F2f1980368b73e06eb94a9fd7ea66%2Fc17da9dc22214a6aa8386562b4947af3
2024-09-02 23:43:57,411 - INFO - Stopping collection as news date 2024-07-01 00:00:00 is older than threshold 2024-07-01 23:43:47.820181.
2024-09-02 23:43:57,444 - INFO - Closing workbook: <RPA.Excel.Files.XlsxWorkbook object at 0x000002561BD3A8F0>
2024-09-02 23:43:57,444 - INFO - Task completed. Closing all resources.
2024-09-02 23:47:06,496 - INFO - Image saved to c:\RAUL ANTONIO HERNANDEZ MOJICA_Thoughtful Challenge\output\images\Kevin Hart accused of fabricating evidence in $12-million lawsuit by former friend.jpg
2024-09-02 23:47:07,652 - INFO - Image saved to c:\RAUL ANTONIO HERNANDEZ MOJICA_Thoughtful Challenge\output\images\Wall Street has its worst day since 2022; Dow sinks 1,000.jpg
2024-09-02 23:47:08,835 - INFO - Image saved to c:\RAUL ANTONIO HERNANDEZ MOJICA_Thoughtful Challenge\output\images\Column_ Most Americans have a negative view of crypto. So why are political campaigns rushing to embrace it_.JPEG
2024-09-02 23:47:10,038 - INFO - Image saved to c:\RAUL ANTONIO HERNANDEZ MOJICA_Thoughtful Challenge\output\images\Why some Silicon Valley investors are backing the Trump-Vance campaign.jpg
2024-09-02 23:47:11,256 - INFO - Image saved to c:\RAUL ANTONIO HERNANDEZ MOJICA_Thoughtful Challenge\output\images\Column_ Why hugely profitable corporations won’t spend enough to keep hackers from stealing your private info.com%2F59%2Fd0%2F9419e8e59d60d36c1ac1a0af45b9%2Fd139915cf04745c98741a8b3d4e3963f
2024-09-02 23:47:12,380 - INFO - Image saved to c:\RAUL ANTONIO HERNANDEZ MOJICA_Thoughtful Challenge\output\images\Wall Street rises to the edge of records as its momentum keeps rolling.com%2Ffe%2Fef%2Fe15f9088f0b3b1727f81016f21f8%2F102f1bc4e16b4a9e80329e69485a11a2
2024-09-02 23:47:13,501 - INFO - Image saved to c:\RAUL ANTONIO HERNANDEZ MOJICA_Thoughtful Challenge\output\images\Trump media shares soar on reelection bid boost.com%2Faf%2Ff0%2F09eede19e1f9a1b644bbfe86b351%2F519dfa6e52c84fb7a79635105dfbdd63
2024-09-02 23:47:14,713 - INFO - Image saved to c:\RAUL ANTONIO HERNANDEZ MOJICA_Thoughtful Challenge\output\images\Wall Street’s scorching rally sets more records as hopes rise for rate cuts.com%2F6c%2Fdc%2F2f1980368b73e06eb94a9fd7ea66%2Fc17da9dc22214a6aa8386562b4947af3
2024-09-02 23:47:14,808 - INFO - Stopping collection as news date 2024-07-01 00:00:00 is older than threshold 2024-07-01 23:47:05.095555.
2024-09-02 23:47:14,849 - INFO - Closing workbook: <RPA.Excel.Files.XlsxWorkbook object at 0x000002DFBC37BA00>
2024-09-02 23:47:14,849 - INFO - Task completed. Closing all resources.
2024-09-02 23:48:32,816 - INFO - Image saved to c:\RAUL ANTONIO HERNANDEZ MOJICA_Thoughtful Challenge\output\images\Kevin Hart accused of fabricating evidence in $12-million lawsuit by former friend.jpg
2024-09-02 23:48:33,986 - INFO - Image saved to c:\RAUL ANTONIO HERNANDEZ MOJICA_Thoughtful Challenge\output\images\Wall Street has its worst day since 2022; Dow sinks 1,000.jpg
2024-09-02 23:48:35,134 - INFO - Image saved to c:\RAUL ANTONIO HERNANDEZ MOJICA_Thoughtful Challenge\output\images\Column_ Most Americans have a negative view of crypto. So why are political campaigns rushing to embrace it_.JPEG
2024-09-02 23:48:36,306 - INFO - Image saved to c:\RAUL ANTONIO HERNANDEZ MOJICA_Thoughtful Challenge\output\images\Why some Silicon Valley investors are backing the Trump-Vance campaign.jpg
2024-09-02 23:48:37,459 - INFO - Image saved to c:\RAUL ANTONIO HERNANDEZ MOJICA_Thoughtful Challenge\output\images\Column_ Why hugely profitable corporations won’t spend enough to keep hackers from stealing your private info.com%2F59%2Fd0%2F9419e8e59d60d36c1ac1a0af45b9%2Fd139915cf04745c98741a8b3d4e3963f
2024-09-02 23:48:38,585 - INFO - Image saved to c:\RAUL ANTONIO HERNANDEZ MOJICA_Thoughtful Challenge\output\images\Wall Street rises to the edge of records as its momentum keeps rolling.com%2Ffe%2Fef%2Fe15f9088f0b3b1727f81016f21f8%2F102f1bc4e16b4a9e80329e69485a11a2
2024-09-02 23:48:39,617 - INFO - Image saved to c:\RAUL ANTONIO HERNANDEZ MOJICA_Thoughtful Challenge\output\images\Trump media shares soar on reelection bid boost.com%2Faf%2Ff0%2F09eede19e1f9a1b644bbfe86b351%2F519dfa6e52c84fb7a79635105dfbdd63
2024-09-02 23:48:40,703 - INFO - Image saved to c:\RAUL ANTONIO HERNANDEZ MOJICA_Thoughtful Challenge\output\images\Wall Street’s scorching rally sets more records as hopes rise for rate cuts.com%2F6c%2Fdc%2F2f1980368b73e06eb94a9fd7ea66%2Fc17da9dc22214a6aa8386562b4947af3
2024-09-02 23:48:40,789 - INFO - Stopping collection as news date 2024-07-01 00:00:00 is older than threshold 2024-07-01 23:48:31.183088.
2024-09-02 23:48:40,835 - INFO - Closing workbook: <RPA.Excel.Files.XlsxWorkbook object at 0x0000021F9344B400>
2024-09-02 23:48:40,836 - INFO - Task completed. Closing all resources.
2024-09-02 23:52:28,017 - INFO - Image saved to c:\RAUL ANTONIO HERNANDEZ MOJICA_Thoughtful Challenge\output\images\Kevin Hart accused of fabricating evidence in $12-million lawsuit by former friend.jpg
2024-09-02 23:52:29,190 - INFO - Image saved to c:\RAUL ANTONIO HERNANDEZ MOJICA_Thoughtful Challenge\output\images\Wall Street has its worst day since 2022; Dow sinks 1,000.jpg
2024-09-02 23:52:30,322 - INFO - Image saved to c:\RAUL ANTONIO HERNANDEZ MOJICA_Thoughtful Challenge\output\images\Column_ Most Americans have a negative view of crypto. So why are political campaigns rushing to embrace it_.JPEG
2024-09-02 23:52:31,444 - INFO - Image saved to c:\RAUL ANTONIO HERNANDEZ MOJICA_Thoughtful Challenge\output\images\Why some Silicon Valley investors are backing the Trump-Vance campaign.jpg
2024-09-02 23:52:32,600 - INFO - Image saved to c:\RAUL ANTONIO HERNANDEZ MOJICA_Thoughtful Challenge\output\images\Column_ Why hugely profitable corporations won’t spend enough to keep hackers from stealing your private info.com%2F59%2Fd0%2F9419e8e59d60d36c1ac1a0af45b9%2Fd139915cf04745c98741a8b3d4e3963f
2024-09-02 23:52:33,710 - INFO - Image saved to c:\RAUL ANTONIO HERNANDEZ MOJICA_Thoughtful Challenge\output\images\Wall Street rises to the edge of records as its momentum keeps rolling.com%2Ffe%2Fef%2Fe15f9088f0b3b1727f81016f21f8%2F102f1bc4e16b4a9e80329e69485a11a2
2024-09-02 23:52:34,811 - INFO - Image saved to c:\RAUL ANTONIO HERNANDEZ MOJICA_Thoughtful Challenge\output\images\Trump media shares soar on reelection bid boost.com%2Faf%2Ff0%2F09eede19e1f9a1b644bbfe86b351%2F519dfa6e52c84fb7a79635105dfbdd63
2024-09-02 23:52:35,979 - INFO - Image saved to c:\RAUL ANTONIO HERNANDEZ MOJICA_Thoughtful Challenge\output\images\Wall Street’s scorching rally sets more records as hopes rise for rate cuts.com%2F6c%2Fdc%2F2f1980368b73e06eb94a9fd7ea66%2Fc17da9dc22214a6aa8386562b4947af3
2024-09-02 23:52:36,056 - INFO - Stopping collection as news date 2024-07-01 00:00:00 is older than threshold 2024-07-01 23:52:26.500536.
2024-09-02 23:52:36,093 - INFO - Closing workbook: <RPA.Excel.Files.XlsxWorkbook object at 0x000002090A718040>
2024-09-02 23:52:36,093 - INFO - Task completed. Closing all resources.
2024-09-02 23:55:35,168 - INFO - Image saved to c:\RAUL ANTONIO HERNANDEZ MOJICA_Thoughtful Challenge\output\images\Kevin Hart accused of fabricating evidence in $12-million lawsuit by former friend
2024-09-02 23:55:36,324 - INFO - Image saved to c:\RAUL ANTONIO HERNANDEZ MOJICA_Thoughtful Challenge\output\images\Wall Street has its worst day since 2022; Dow sinks 1,000
2024-09-02 23:55:37,494 - INFO - Image saved to c:\RAUL ANTONIO HERNANDEZ MOJICA_Thoughtful Challenge\output\images\Column_ Most Americans have a negative view of crypto. So why are political campaigns rushing to embrace it_
2024-09-02 23:55:38,673 - INFO - Image saved to c:\RAUL ANTONIO HERNANDEZ MOJICA_Thoughtful Challenge\output\images\Why some Silicon Valley investors are backing the Trump-Vance campaign
2024-09-02 23:55:39,873 - INFO - Image saved to c:\RAUL ANTONIO HERNANDEZ MOJICA_Thoughtful Challenge\output\images\Column_ Why hugely profitable corporations won’t spend enough to keep hackers from stealing your private info
2024-09-02 23:55:40,991 - INFO - Image saved to c:\RAUL ANTONIO HERNANDEZ MOJICA_Thoughtful Challenge\output\images\Wall Street rises to the edge of records as its momentum keeps rolling
2024-09-02 23:55:42,066 - INFO - Image saved to c:\RAUL ANTONIO HERNANDEZ MOJICA_Thoughtful Challenge\output\images\Trump media shares soar on reelection bid boost
2024-09-02 23:55:43,233 - INFO - Image saved to c:\RAUL ANTONIO HERNANDEZ MOJICA_Thoughtful Challenge\output\images\Wall Street’s scorching rally sets more records as hopes rise for rate cuts
2024-09-02 23:55:43,296 - INFO - Stopping collection as news date 2024-07-01 00:00:00 is older than threshold 2024-07-01 23:55:33.761538.
2024-09-02 23:55:43,347 - INFO - Closing workbook: <RPA.Excel.Files.XlsxWorkbook object at 0x000002908B36FB20>
2024-09-02 23:55:43,347 - INFO - Task completed. Closing all resources.
2024-09-02 23:59:47,682 - INFO - Image saved to c:\RAUL ANTONIO HERNANDEZ MOJICA_Thoughtful Challenge\output\images\Kevin Hart accused of fabricating evidence in $12-million lawsuit by former friend.jpg
2024-09-02 23:59:48,860 - INFO - Image saved to c:\RAUL ANTONIO HERNANDEZ MOJICA_Thoughtful Challenge\output\images\Wall Street has its worst day since 2022; Dow sinks 1,000.jpg
2024-09-02 23:59:50,030 - INFO - Image saved to c:\RAUL ANTONIO HERNANDEZ MOJICA_Thoughtful Challenge\output\images\Column_ Most Americans have a negative view of crypto. So why are political campaigns rushing to embrace it_.JPEG
2024-09-02 23:59:51,142 - INFO - Image saved to c:\RAUL ANTONIO HERNANDEZ MOJICA_Thoughtful Challenge\output\images\Why some Silicon Valley investors are backing the Trump-Vance campaign.jpg
2024-09-02 23:59:52,268 - INFO - Image saved to c:\RAUL ANTONIO HERNANDEZ MOJICA_Thoughtful Challenge\output\images\Column_ Why hugely profitable corporations won’t spend enough to keep hackers from stealing your private info.com%2F59%2Fd0%2F9419e8e59d60d36c1ac1a0af45b9%2Fd139915cf04745c98741a8b3d4e3963f
2024-09-02 23:59:53,338 - INFO - Image saved to c:\RAUL ANTONIO HERNANDEZ MOJICA_Thoughtful Challenge\output\images\Wall Street rises to the edge of records as its momentum keeps rolling.com%2Ffe%2Fef%2Fe15f9088f0b3b1727f81016f21f8%2F102f1bc4e16b4a9e80329e69485a11a2
2024-09-02 23:59:54,460 - INFO - Image saved to c:\RAUL ANTONIO HERNANDEZ MOJICA_Thoughtful Challenge\output\images\Trump media shares soar on reelection bid boost.com%2Faf%2Ff0%2F09eede19e1f9a1b644bbfe86b351%2F519dfa6e52c84fb7a79635105dfbdd63
2024-09-02 23:59:55,601 - INFO - Image saved to c:\RAUL ANTONIO HERNANDEZ MOJICA_Thoughtful Challenge\output\images\Wall Street’s scorching rally sets more records as hopes rise for rate cuts.com%2F6c%2Fdc%2F2f1980368b73e06eb94a9fd7ea66%2Fc17da9dc22214a6aa8386562b4947af3
2024-09-02 23:59:55,679 - INFO - Stopping collection as news date 2024-07-01 00:00:00 is older than threshold 2024-07-01 23:59:46.325853.
2024-09-02 23:59:55,725 - INFO - Closing workbook: <RPA.Excel.Files.XlsxWorkbook object at 0x000001DF25D32890>
2024-09-02 23:59:55,725 - INFO - Task completed. Closing all resources.
2024-09-03 00:07:36,811 - INFO - Image saved to c:\RAUL ANTONIO HERNANDEZ MOJICA_Thoughtful Challenge\output\images\IMG_20240903_000735568788.jpg
2024-09-03 00:07:37,920 - INFO - Image saved to c:\RAUL ANTONIO HERNANDEZ MOJICA_Thoughtful Challenge\output\images\IMG_20240903_000736886387.jpg
2024-09-03 00:07:39,097 - INFO - Image saved to c:\RAUL ANTONIO HERNANDEZ MOJICA_Thoughtful Challenge\output\images\IMG_20240903_000738003170.JPEG
2024-09-03 00:07:40,243 - INFO - Image saved to c:\RAUL ANTONIO HERNANDEZ MOJICA_Thoughtful Challenge\output\images\IMG_20240903_000739179125.jpg
2024-09-03 00:07:41,351 - INFO - Image saved to c:\RAUL ANTONIO HERNANDEZ MOJICA_Thoughtful Challenge\output\images\IMG_20240903_000740330083.com%2F59%2Fd0%2F9419e8e59d60d36c1ac1a0af45b9%2Fd139915cf04745c98741a8b3d4e3963f
2024-09-03 00:07:42,468 - INFO - Image saved to c:\RAUL ANTONIO HERNANDEZ MOJICA_Thoughtful Challenge\output\images\IMG_20240903_000741434518.com%2Ffe%2Fef%2Fe15f9088f0b3b1727f81016f21f8%2F102f1bc4e16b4a9e80329e69485a11a2
2024-09-03 00:07:43,553 - INFO - Image saved to c:\RAUL ANTONIO HERNANDEZ MOJICA_Thoughtful Challenge\output\images\IMG_20240903_000742554967.com%2Faf%2Ff0%2F09eede19e1f9a1b644bbfe86b351%2F519dfa6e52c84fb7a79635105dfbdd63
2024-09-03 00:07:44,736 - INFO - Image saved to c:\RAUL ANTONIO HERNANDEZ MOJICA_Thoughtful Challenge\output\images\IMG_20240903_000743666761.com%2F6c%2Fdc%2F2f1980368b73e06eb94a9fd7ea66%2Fc17da9dc22214a6aa8386562b4947af3
2024-09-03 00:07:44,816 - INFO - Stopping collection as news date 2024-07-01 00:00:00 is older than threshold 2024-07-01 00:07:35.396955.
2024-09-03 00:07:44,863 - INFO - Closing workbook: <RPA.Excel.Files.XlsxWorkbook object at 0x000001BFA81C4A90>
2024-09-03 00:07:44,863 - INFO - Task completed. Closing all resources.
2024-09-03 00:09:20,642 - INFO - Image saved to c:\RAUL ANTONIO HERNANDEZ MOJICA_Thoughtful Challenge\output\images\IMG_20240903_000919378892.jpg
2024-09-03 00:09:21,793 - INFO - Image saved to c:\RAUL ANTONIO HERNANDEZ MOJICA_Thoughtful Challenge\output\images\IMG_20240903_000920732321.jpg
2024-09-03 00:09:22,927 - INFO - Image saved to c:\RAUL ANTONIO HERNANDEZ MOJICA_Thoughtful Challenge\output\images\IMG_20240903_000921867393.jpg
2024-09-03 00:09:24,036 - INFO - Image saved to c:\RAUL ANTONIO HERNANDEZ MOJICA_Thoughtful Challenge\output\images\IMG_20240903_000923015553.jpg
2024-09-03 00:09:25,178 - INFO - Image saved to c:\RAUL ANTONIO HERNANDEZ MOJICA_Thoughtful Challenge\output\images\IMG_20240903_000924118548.jpg
2024-09-03 00:09:26,330 - INFO - Image saved to c:\RAUL ANTONIO HERNANDEZ MOJICA_Thoughtful Challenge\output\images\IMG_20240903_000925251049.jpg
2024-09-03 00:09:27,421 - INFO - Image saved to c:\RAUL ANTONIO HERNANDEZ MOJICA_Thoughtful Challenge\output\images\IMG_20240903_000926401357.jpg
2024-09-03 00:09:28,579 - INFO - Image saved to c:\RAUL ANTONIO HERNANDEZ MOJICA_Thoughtful Challenge\output\images\IMG_20240903_000927502943.jpg
2024-09-03 00:09:28,653 - INFO - Stopping collection as news date 2024-07-01 00:00:00 is older than threshold 2024-07-01 00:09:19.199879.
2024-09-03 00:09:28,708 - INFO - Closing workbook: <RPA.Excel.Files.XlsxWorkbook object at 0x0000025A28881090>
2024-09-03 00:09:28,709 - INFO - Task completed. Closing all resources.
2024-09-03 09:32:19,907 - INFO - Image saved to c:\RAUL ANTONIO HERNANDEZ MOJICA_Thoughtful Challenge\output\images\IMG_20240903_093218665256.jpg
2024-09-03 09:32:21,046 - INFO - Image saved to c:\RAUL ANTONIO HERNANDEZ MOJICA_Thoughtful Challenge\output\images\IMG_20240903_093220001535.jpg
2024-09-03 09:32:22,183 - INFO - Image saved to c:\RAUL ANTONIO HERNANDEZ MOJICA_Thoughtful Challenge\output\images\IMG_20240903_093221141579.jpg
2024-09-03 09:32:23,353 - INFO - Image saved to c:\RAUL ANTONIO HERNANDEZ MOJICA_Thoughtful Challenge\output\images\IMG_20240903_093222270180.jpg
2024-09-03 09:32:24,489 - INFO - Image saved to c:\RAUL ANTONIO HERNANDEZ MOJICA_Thoughtful Challenge\output\images\IMG_20240903_093223436408.jpg
2024-09-03 09:32:25,651 - INFO - Image saved to c:\RAUL ANTONIO HERNANDEZ MOJICA_Thoughtful Challenge\output\images\IMG_20240903_093224567121.jpg
2024-09-03 09:32:26,736 - INFO - Image saved to c:\RAUL ANTONIO HERNANDEZ MOJICA_Thoughtful Challenge\output\images\IMG_20240903_093225721740.jpg
2024-09-03 09:32:27,869 - INFO - Image saved to c:\RAUL ANTONIO HERNANDEZ MOJICA_Thoughtful Challenge\output\images\IMG_20240903_093226818726.jpg
2024-09-03 09:32:27,938 - INFO - Stopping collection as news date 2024-07-01 00:00:00 is older than threshold 2024-07-01 09:32:18.414592.
2024-09-03 09:32:27,997 - INFO - Closing workbook: <RPA.Excel.Files.XlsxWorkbook object at 0x00000271B49B7160>
2024-09-03 09:32:27,997 - INFO - Task completed. Closing all resources.
2024-09-03 10:14:59,761 - ERROR - Error during task execution: 'Selenium' object has no attribute 'configure'
2024-09-03 10:14:59,761 - INFO - Task completed. Closing all resources.
2024-09-03 10:16:05,081 - INFO - Image saved to c:\RAUL ANTONIO HERNANDEZ MOJICA_Thoughtful Challenge\output\images\IMG_20240903_101603819462.jpg
2024-09-03 10:16:06,178 - INFO - Image saved to c:\RAUL ANTONIO HERNANDEZ MOJICA_Thoughtful Challenge\output\images\IMG_20240903_101605166917.jpg
2024-09-03 10:16:07,301 - INFO - Image saved to c:\RAUL ANTONIO HERNANDEZ MOJICA_Thoughtful Challenge\output\images\IMG_20240903_101606260843.jpg
2024-09-03 10:16:08,417 - INFO - Image saved to c:\RAUL ANTONIO HERNANDEZ MOJICA_Thoughtful Challenge\output\images\IMG_20240903_101607388077.jpg
2024-09-03 10:16:09,574 - INFO - Image saved to c:\RAUL ANTONIO HERNANDEZ MOJICA_Thoughtful Challenge\output\images\IMG_20240903_101608505323.jpg
2024-09-03 10:16:10,720 - INFO - Image saved to c:\RAUL ANTONIO HERNANDEZ MOJICA_Thoughtful Challenge\output\images\IMG_20240903_101609659892.jpg
2024-09-03 10:16:11,878 - INFO - Image saved to c:\RAUL ANTONIO HERNANDEZ MOJICA_Thoughtful Challenge\output\images\IMG_20240903_101610805851.jpg
2024-09-03 10:16:12,999 - INFO - Image saved to c:\RAUL ANTONIO HERNANDEZ MOJICA_Thoughtful Challenge\output\images\IMG_20240903_101611956642.jpg
2024-09-03 10:16:13,071 - INFO - Stopping collection as news date 2024-07-01 00:00:00 is older than threshold 2024-07-01 10:16:03.455085.
2024-09-03 10:16:13,120 - INFO - Closing workbook: <RPA.Excel.Files.XlsxWorkbook object at 0x00000299B4956740>
2024-09-03 10:16:13,121 - INFO - Task completed. Closing all resources.
